<?xml version="1.0" encoding="UTF-8" standalone="no"?>
<!DOCTYPE log SYSTEM "logger.dtd">
<log>
<record>
  <date>2018-06-04T08:13:23.871688Z</date>
  <millis>1528100003871</millis>
  <nanos>688000</nanos>
  <sequence>0</sequence>
  <logger>org.uma.jmetal.util.JMetalLogger</logger>
  <level>INFO</level>
  <class>org.uma.jmetal.util.JMetalLogger</class>
  <method>configureLoggers</method>
  <thread>1</thread>
  <message>Loggers configured with null</message>
</record>
<record>
  <date>2018-06-04T08:13:23.913872Z</date>
  <millis>1528100003913</millis>
  <nanos>872000</nanos>
  <sequence>1</sequence>
  <logger>org.uma.jmetal.util.JMetalLogger</logger>
  <level>INFO</level>
  <class>org.uma.jmetalsp.spark.streamingdatasource.SimpleSparkStreamingCounterDataSource</class>
  <method>run</method>
  <thread>1</thread>
  <message>Run method in the streaming data source invoked</message>
</record>
<record>
  <date>2018-06-04T08:13:23.914485Z</date>
  <millis>1528100003914</millis>
  <nanos>485000</nanos>
  <sequence>2</sequence>
  <logger>org.uma.jmetal.util.JMetalLogger</logger>
  <level>INFO</level>
  <class>org.uma.jmetalsp.spark.streamingdatasource.SimpleSparkStreamingCounterDataSource</class>
  <method>run</method>
  <thread>1</thread>
  <message>Directory: /home/cbarba/streamingDataDirectory</message>
</record>
</log>
